[INFO] 2022-04-22 14:05:38,855 org.springframework.web.context.ContextLoader initWebApplicationContext - Root WebApplicationContext: initialization started
[INFO] 2022-04-22 14:05:40,287 org.springframework.web.context.ContextLoader initWebApplicationContext - Root WebApplicationContext initialized in 1428 ms
[INFO] 2022-04-22 14:05:40,317 org.springframework.web.servlet.DispatcherServlet initServletBean - Initializing Servlet 'appServlet'
[INFO] 2022-04-22 14:05:41,499 org.springframework.web.servlet.DispatcherServlet initServletBean - Completed initialization in 1181 ms
[INFO] 2022-04-22 14:09:28,557 org.springframework.web.context.ContextLoader initWebApplicationContext - Root WebApplicationContext: initialization started
[INFO] 2022-04-22 14:09:29,923 org.springframework.web.context.ContextLoader initWebApplicationContext - Root WebApplicationContext initialized in 1362 ms
[INFO] 2022-04-22 14:09:29,963 org.springframework.web.servlet.DispatcherServlet initServletBean - Initializing Servlet 'appServlet'
[ERROR] 2022-04-22 14:09:30,012 org.springframework.web.servlet.DispatcherServlet initServletBean - Context initialization failed
org.springframework.beans.factory.xml.XmlBeanDefinitionStoreException: Line 29 in XML document from ServletContext resource [/WEB-INF/spring/appServlet/servlet-context.xml] is invalid; nested exception is org.xml.sax.SAXParseException; lineNumber: 29; columnNumber: 13; The string "--" is not permitted within comments.
	at org.springframework.beans.factory.xml.XmlBeanDefinitionReader.doLoadBeanDefinitions(XmlBeanDefinitionReader.java:402)
	at org.springframework.beans.factory.xml.XmlBeanDefinitionReader.loadBeanDefinitions(XmlBeanDefinitionReader.java:338)
	at org.springframework.beans.factory.xml.XmlBeanDefinitionReader.loadBeanDefinitions(XmlBeanDefinitionReader.java:310)
	at org.springframework.beans.factory.support.AbstractBeanDefinitionReader.loadBeanDefinitions(AbstractBeanDefinitionReader.java:188)
	at org.springframework.beans.factory.support.AbstractBeanDefinitionReader.loadBeanDefinitions(AbstractBeanDefinitionReader.java:224)
	at org.springframework.beans.factory.support.AbstractBeanDefinitionReader.loadBeanDefinitions(AbstractBeanDefinitionReader.java:195)
	at org.springframework.web.context.support.XmlWebApplicationContext.loadBeanDefinitions(XmlWebApplicationContext.java:125)
	at org.springframework.web.context.support.XmlWebApplicationContext.loadBeanDefinitions(XmlWebApplicationContext.java:94)
	at org.springframework.context.support.AbstractRefreshableApplicationContext.refreshBeanFactory(AbstractRefreshableApplicationContext.java:133)
	at org.springframework.context.support.AbstractApplicationContext.obtainFreshBeanFactory(AbstractApplicationContext.java:637)
	at org.springframework.context.support.AbstractApplicationContext.refresh(AbstractApplicationContext.java:522)
	at org.springframework.web.servlet.FrameworkServlet.configureAndRefreshWebApplicationContext(FrameworkServlet.java:702)
	at org.springframework.web.servlet.FrameworkServlet.createWebApplicationContext(FrameworkServlet.java:668)
	at org.springframework.web.servlet.FrameworkServlet.createWebApplicationContext(FrameworkServlet.java:716)
	at org.springframework.web.servlet.FrameworkServlet.initWebApplicationContext(FrameworkServlet.java:591)
	at org.springframework.web.servlet.FrameworkServlet.initServletBean(FrameworkServlet.java:530)
	at org.springframework.web.servlet.HttpServletBean.init(HttpServletBean.java:170)
	at javax.servlet.GenericServlet.init(GenericServlet.java:158)
	at org.apache.catalina.core.StandardWrapper.initServlet(StandardWrapper.java:1164)
	at org.apache.catalina.core.StandardWrapper.loadServlet(StandardWrapper.java:1117)
	at org.apache.catalina.core.StandardWrapper.load(StandardWrapper.java:1010)
	at org.apache.catalina.core.StandardContext.loadOnStartup(StandardContext.java:4957)
	at org.apache.catalina.core.StandardContext.startInternal(StandardContext.java:5264)
	at org.apache.catalina.util.LifecycleBase.start(LifecycleBase.java:183)
	at org.apache.catalina.core.ContainerBase$StartChild.call(ContainerBase.java:1396)
	at org.apache.catalina.core.ContainerBase$StartChild.call(ContainerBase.java:1386)
	at java.util.concurrent.FutureTask.run(FutureTask.java:266)
	at org.apache.tomcat.util.threads.InlineExecutorService.execute(InlineExecutorService.java:75)
	at java.util.concurrent.AbstractExecutorService.submit(AbstractExecutorService.java:134)
	at org.apache.catalina.core.ContainerBase.startInternal(ContainerBase.java:919)
	at org.apache.catalina.core.StandardHost.startInternal(StandardHost.java:835)
	at org.apache.catalina.util.LifecycleBase.start(LifecycleBase.java:183)
	at org.apache.catalina.core.ContainerBase$StartChild.call(ContainerBase.java:1396)
	at org.apache.catalina.core.ContainerBase$StartChild.call(ContainerBase.java:1386)
	at java.util.concurrent.FutureTask.run(FutureTask.java:266)
	at org.apache.tomcat.util.threads.InlineExecutorService.execute(InlineExecutorService.java:75)
	at java.util.concurrent.AbstractExecutorService.submit(AbstractExecutorService.java:134)
	at org.apache.catalina.core.ContainerBase.startInternal(ContainerBase.java:919)
	at org.apache.catalina.core.StandardEngine.startInternal(StandardEngine.java:263)
	at org.apache.catalina.util.LifecycleBase.start(LifecycleBase.java:183)
	at org.apache.catalina.core.StandardService.startInternal(StandardService.java:432)
	at org.apache.catalina.util.LifecycleBase.start(LifecycleBase.java:183)
	at org.apache.catalina.core.StandardServer.startInternal(StandardServer.java:927)
	at org.apache.catalina.util.LifecycleBase.start(LifecycleBase.java:183)
	at org.apache.catalina.startup.Catalina.start(Catalina.java:772)
	at sun.reflect.NativeMethodAccessorImpl.invoke0(Native Method)
	at sun.reflect.NativeMethodAccessorImpl.invoke(NativeMethodAccessorImpl.java:62)
	at sun.reflect.DelegatingMethodAccessorImpl.invoke(DelegatingMethodAccessorImpl.java:43)
	at java.lang.reflect.Method.invoke(Method.java:498)
	at org.apache.catalina.startup.Bootstrap.start(Bootstrap.java:345)
	at org.apache.catalina.startup.Bootstrap.main(Bootstrap.java:476)
Caused by: org.xml.sax.SAXParseException; lineNumber: 29; columnNumber: 13; The string "--" is not permitted within comments.
	at org.apache.xerces.util.ErrorHandlerWrapper.createSAXParseException(Unknown Source)
	at org.apache.xerces.util.ErrorHandlerWrapper.fatalError(Unknown Source)
	at org.apache.xerces.impl.XMLErrorReporter.reportError(Unknown Source)
	at org.apache.xerces.impl.XMLErrorReporter.reportError(Unknown Source)
	at org.apache.xerces.impl.XMLErrorReporter.reportError(Unknown Source)
	at org.apache.xerces.impl.XMLScanner.reportFatalError(Unknown Source)
	at org.apache.xerces.impl.XMLScanner.scanComment(Unknown Source)
	at org.apache.xerces.impl.XMLDocumentFragmentScannerImpl.scanComment(Unknown Source)
	at org.apache.xerces.impl.XMLDocumentFragmentScannerImpl$FragmentContentDispatcher.dispatch(Unknown Source)
	at org.apache.xerces.impl.XMLDocumentFragmentScannerImpl.scanDocument(Unknown Source)
	at org.apache.xerces.parsers.XML11Configuration.parse(Unknown Source)
	at org.apache.xerces.parsers.XML11Configuration.parse(Unknown Source)
	at org.apache.xerces.parsers.XMLParser.parse(Unknown Source)
	at org.apache.xerces.parsers.DOMParser.parse(Unknown Source)
	at org.apache.xerces.jaxp.DocumentBuilderImpl.parse(Unknown Source)
	at org.springframework.beans.factory.xml.DefaultDocumentLoader.loadDocument(DefaultDocumentLoader.java:77)
	at org.springframework.beans.factory.xml.XmlBeanDefinitionReader.doLoadDocument(XmlBeanDefinitionReader.java:432)
	at org.springframework.beans.factory.xml.XmlBeanDefinitionReader.doLoadBeanDefinitions(XmlBeanDefinitionReader.java:390)
	... 50 more
[INFO] 2022-04-22 14:09:44,766 org.springframework.web.servlet.DispatcherServlet initServletBean - Initializing Servlet 'appServlet'
[ERROR] 2022-04-22 14:09:44,807 org.springframework.web.servlet.DispatcherServlet initServletBean - Context initialization failed
org.springframework.beans.factory.xml.XmlBeanDefinitionStoreException: Line 29 in XML document from ServletContext resource [/WEB-INF/spring/appServlet/servlet-context.xml] is invalid; nested exception is org.xml.sax.SAXParseException; lineNumber: 29; columnNumber: 13; The string "--" is not permitted within comments.
	at org.springframework.beans.factory.xml.XmlBeanDefinitionReader.doLoadBeanDefinitions(XmlBeanDefinitionReader.java:402)
	at org.springframework.beans.factory.xml.XmlBeanDefinitionReader.loadBeanDefinitions(XmlBeanDefinitionReader.java:338)
	at org.springframework.beans.factory.xml.XmlBeanDefinitionReader.loadBeanDefinitions(XmlBeanDefinitionReader.java:310)
	at org.springframework.beans.factory.support.AbstractBeanDefinitionReader.loadBeanDefinitions(AbstractBeanDefinitionReader.java:188)
	at org.springframework.beans.factory.support.AbstractBeanDefinitionReader.loadBeanDefinitions(AbstractBeanDefinitionReader.java:224)
	at org.springframework.beans.factory.support.AbstractBeanDefinitionReader.loadBeanDefinitions(AbstractBeanDefinitionReader.java:195)
	at org.springframework.web.context.support.XmlWebApplicationContext.loadBeanDefinitions(XmlWebApplicationContext.java:125)
	at org.springframework.web.context.support.XmlWebApplicationContext.loadBeanDefinitions(XmlWebApplicationContext.java:94)
	at org.springframework.context.support.AbstractRefreshableApplicationContext.refreshBeanFactory(AbstractRefreshableApplicationContext.java:133)
	at org.springframework.context.support.AbstractApplicationContext.obtainFreshBeanFactory(AbstractApplicationContext.java:637)
	at org.springframework.context.support.AbstractApplicationContext.refresh(AbstractApplicationContext.java:522)
	at org.springframework.web.servlet.FrameworkServlet.configureAndRefreshWebApplicationContext(FrameworkServlet.java:702)
	at org.springframework.web.servlet.FrameworkServlet.createWebApplicationContext(FrameworkServlet.java:668)
	at org.springframework.web.servlet.FrameworkServlet.createWebApplicationContext(FrameworkServlet.java:716)
	at org.springframework.web.servlet.FrameworkServlet.initWebApplicationContext(FrameworkServlet.java:591)
	at org.springframework.web.servlet.FrameworkServlet.initServletBean(FrameworkServlet.java:530)
	at org.springframework.web.servlet.HttpServletBean.init(HttpServletBean.java:170)
	at javax.servlet.GenericServlet.init(GenericServlet.java:158)
	at org.apache.catalina.core.StandardWrapper.initServlet(StandardWrapper.java:1164)
	at org.apache.catalina.core.StandardWrapper.loadServlet(StandardWrapper.java:1117)
	at org.apache.catalina.core.StandardWrapper.allocate(StandardWrapper.java:788)
	at org.apache.catalina.core.StandardWrapperValve.invoke(StandardWrapperValve.java:128)
	at org.apache.catalina.core.StandardContextValve.invoke(StandardContextValve.java:97)
	at org.apache.catalina.authenticator.AuthenticatorBase.invoke(AuthenticatorBase.java:540)
	at org.apache.catalina.core.StandardHostValve.invoke(StandardHostValve.java:135)
	at org.apache.catalina.valves.ErrorReportValve.invoke(ErrorReportValve.java:92)
	at org.apache.catalina.valves.AbstractAccessLogValve.invoke(AbstractAccessLogValve.java:687)
	at org.apache.catalina.core.StandardEngineValve.invoke(StandardEngineValve.java:78)
	at org.apache.catalina.connector.CoyoteAdapter.service(CoyoteAdapter.java:357)
	at org.apache.coyote.http11.Http11Processor.service(Http11Processor.java:382)
	at org.apache.coyote.AbstractProcessorLight.process(AbstractProcessorLight.java:65)
	at org.apache.coyote.AbstractProtocol$ConnectionHandler.process(AbstractProtocol.java:895)
	at org.apache.tomcat.util.net.NioEndpoint$SocketProcessor.doRun(NioEndpoint.java:1732)
	at org.apache.tomcat.util.net.SocketProcessorBase.run(SocketProcessorBase.java:49)
	at org.apache.tomcat.util.threads.ThreadPoolExecutor.runWorker(ThreadPoolExecutor.java:1191)
	at org.apache.tomcat.util.threads.ThreadPoolExecutor$Worker.run(ThreadPoolExecutor.java:659)
	at org.apache.tomcat.util.threads.TaskThread$WrappingRunnable.run(TaskThread.java:61)
	at java.lang.Thread.run(Thread.java:748)
Caused by: org.xml.sax.SAXParseException; lineNumber: 29; columnNumber: 13; The string "--" is not permitted within comments.
	at org.apache.xerces.util.ErrorHandlerWrapper.createSAXParseException(Unknown Source)
	at org.apache.xerces.util.ErrorHandlerWrapper.fatalError(Unknown Source)
	at org.apache.xerces.impl.XMLErrorReporter.reportError(Unknown Source)
	at org.apache.xerces.impl.XMLErrorReporter.reportError(Unknown Source)
	at org.apache.xerces.impl.XMLErrorReporter.reportError(Unknown Source)
	at org.apache.xerces.impl.XMLScanner.reportFatalError(Unknown Source)
	at org.apache.xerces.impl.XMLScanner.scanComment(Unknown Source)
	at org.apache.xerces.impl.XMLDocumentFragmentScannerImpl.scanComment(Unknown Source)
	at org.apache.xerces.impl.XMLDocumentFragmentScannerImpl$FragmentContentDispatcher.dispatch(Unknown Source)
	at org.apache.xerces.impl.XMLDocumentFragmentScannerImpl.scanDocument(Unknown Source)
	at org.apache.xerces.parsers.XML11Configuration.parse(Unknown Source)
	at org.apache.xerces.parsers.XML11Configuration.parse(Unknown Source)
	at org.apache.xerces.parsers.XMLParser.parse(Unknown Source)
	at org.apache.xerces.parsers.DOMParser.parse(Unknown Source)
	at org.apache.xerces.jaxp.DocumentBuilderImpl.parse(Unknown Source)
	at org.springframework.beans.factory.xml.DefaultDocumentLoader.loadDocument(DefaultDocumentLoader.java:77)
	at org.springframework.beans.factory.xml.XmlBeanDefinitionReader.doLoadDocument(XmlBeanDefinitionReader.java:432)
	at org.springframework.beans.factory.xml.XmlBeanDefinitionReader.doLoadBeanDefinitions(XmlBeanDefinitionReader.java:390)
	... 37 more
[INFO] 2022-04-22 14:10:08,972 org.springframework.web.context.ContextLoader initWebApplicationContext - Root WebApplicationContext: initialization started
[INFO] 2022-04-22 14:10:10,444 org.springframework.web.context.ContextLoader initWebApplicationContext - Root WebApplicationContext initialized in 1470 ms
[INFO] 2022-04-22 14:10:10,472 org.springframework.web.servlet.DispatcherServlet initServletBean - Initializing Servlet 'appServlet'
[INFO] 2022-04-22 14:10:11,708 org.springframework.web.servlet.DispatcherServlet initServletBean - Completed initialization in 1235 ms
[INFO] 2022-04-22 14:11:16,076 org.springframework.web.context.ContextLoader initWebApplicationContext - Root WebApplicationContext: initialization started
[INFO] 2022-04-22 14:11:17,476 org.springframework.web.context.ContextLoader initWebApplicationContext - Root WebApplicationContext initialized in 1397 ms
[INFO] 2022-04-22 14:11:17,508 org.springframework.web.servlet.DispatcherServlet initServletBean - Initializing Servlet 'appServlet'
[INFO] 2022-04-22 14:11:18,674 org.springframework.web.servlet.DispatcherServlet initServletBean - Completed initialization in 1166 ms
[INFO] 2022-04-22 14:12:53,991 org.springframework.web.context.ContextLoader initWebApplicationContext - Root WebApplicationContext: initialization started
[INFO] 2022-04-22 14:12:55,490 org.springframework.web.context.ContextLoader initWebApplicationContext - Root WebApplicationContext initialized in 1496 ms
[INFO] 2022-04-22 14:12:55,521 org.springframework.web.servlet.DispatcherServlet initServletBean - Initializing Servlet 'appServlet'
[INFO] 2022-04-22 14:12:56,687 org.springframework.web.servlet.DispatcherServlet initServletBean - Completed initialization in 1166 ms
[INFO] 2022-04-22 14:13:33,132 org.springframework.web.context.ContextLoader initWebApplicationContext - Root WebApplicationContext: initialization started
[INFO] 2022-04-22 14:13:34,544 org.springframework.web.context.ContextLoader initWebApplicationContext - Root WebApplicationContext initialized in 1408 ms
[INFO] 2022-04-22 14:13:34,574 org.springframework.web.servlet.DispatcherServlet initServletBean - Initializing Servlet 'appServlet'
[INFO] 2022-04-22 14:13:35,698 org.springframework.web.servlet.DispatcherServlet initServletBean - Completed initialization in 1124 ms
[INFO] 2022-04-22 14:15:14,003 org.springframework.web.context.ContextLoader initWebApplicationContext - Root WebApplicationContext: initialization started
[INFO] 2022-04-22 14:15:15,426 org.springframework.web.context.ContextLoader initWebApplicationContext - Root WebApplicationContext initialized in 1420 ms
[INFO] 2022-04-22 14:15:15,461 org.springframework.web.servlet.DispatcherServlet initServletBean - Initializing Servlet 'appServlet'
[INFO] 2022-04-22 14:15:16,654 org.springframework.web.servlet.DispatcherServlet initServletBean - Completed initialization in 1193 ms
[INFO] 2022-04-22 14:17:54,514 org.springframework.web.context.ContextLoader initWebApplicationContext - Root WebApplicationContext: initialization started
[INFO] 2022-04-22 14:17:56,049 org.springframework.web.context.ContextLoader initWebApplicationContext - Root WebApplicationContext initialized in 1531 ms
[INFO] 2022-04-22 14:17:56,079 org.springframework.web.servlet.DispatcherServlet initServletBean - Initializing Servlet 'appServlet'
[INFO] 2022-04-22 14:17:57,311 org.springframework.web.servlet.DispatcherServlet initServletBean - Completed initialization in 1232 ms
[INFO] 2022-04-22 14:20:27,766 org.springframework.web.context.ContextLoader initWebApplicationContext - Root WebApplicationContext: initialization started
[INFO] 2022-04-22 14:20:29,179 org.springframework.web.context.ContextLoader initWebApplicationContext - Root WebApplicationContext initialized in 1410 ms
[INFO] 2022-04-22 14:20:29,212 org.springframework.web.servlet.DispatcherServlet initServletBean - Initializing Servlet 'appServlet'
[INFO] 2022-04-22 14:20:30,373 org.springframework.web.servlet.DispatcherServlet initServletBean - Completed initialization in 1161 ms
[INFO] 2022-04-22 14:21:16,419 org.springframework.web.context.ContextLoader initWebApplicationContext - Root WebApplicationContext: initialization started
[INFO] 2022-04-22 14:21:17,813 org.springframework.web.context.ContextLoader initWebApplicationContext - Root WebApplicationContext initialized in 1390 ms
[INFO] 2022-04-22 14:21:17,844 org.springframework.web.servlet.DispatcherServlet initServletBean - Initializing Servlet 'appServlet'
[INFO] 2022-04-22 14:21:19,076 org.springframework.web.servlet.DispatcherServlet initServletBean - Completed initialization in 1232 ms
[INFO] 2022-04-22 14:23:35,465 org.springframework.web.context.ContextLoader initWebApplicationContext - Root WebApplicationContext: initialization started
[INFO] 2022-04-22 14:23:37,044 org.springframework.web.context.ContextLoader initWebApplicationContext - Root WebApplicationContext initialized in 1576 ms
[INFO] 2022-04-22 14:23:37,081 org.springframework.web.servlet.DispatcherServlet initServletBean - Initializing Servlet 'appServlet'
[INFO] 2022-04-22 14:23:38,528 org.springframework.web.servlet.DispatcherServlet initServletBean - Completed initialization in 1446 ms
[INFO] 2022-04-22 14:24:26,169 org.springframework.web.context.ContextLoader initWebApplicationContext - Root WebApplicationContext: initialization started
[INFO] 2022-04-22 14:24:27,585 org.springframework.web.context.ContextLoader initWebApplicationContext - Root WebApplicationContext initialized in 1413 ms
[INFO] 2022-04-22 14:24:27,625 org.springframework.web.servlet.DispatcherServlet initServletBean - Initializing Servlet 'appServlet'
[INFO] 2022-04-22 14:24:28,786 org.springframework.web.servlet.DispatcherServlet initServletBean - Completed initialization in 1160 ms
[INFO] 2022-04-22 14:25:01,563 org.springframework.web.context.ContextLoader initWebApplicationContext - Root WebApplicationContext: initialization started
[INFO] 2022-04-22 14:25:03,408 org.springframework.web.context.ContextLoader initWebApplicationContext - Root WebApplicationContext initialized in 1843 ms
[INFO] 2022-04-22 14:25:03,438 org.springframework.web.servlet.DispatcherServlet initServletBean - Initializing Servlet 'appServlet'
[INFO] 2022-04-22 14:25:04,690 org.springframework.web.servlet.DispatcherServlet initServletBean - Completed initialization in 1252 ms
[INFO] 2022-04-22 14:26:43,062 org.springframework.web.context.ContextLoader initWebApplicationContext - Root WebApplicationContext: initialization started
[INFO] 2022-04-22 14:26:44,476 org.springframework.web.context.ContextLoader initWebApplicationContext - Root WebApplicationContext initialized in 1410 ms
[INFO] 2022-04-22 14:26:44,517 org.springframework.web.servlet.DispatcherServlet initServletBean - Initializing Servlet 'appServlet'
[INFO] 2022-04-22 14:26:45,714 org.springframework.web.servlet.DispatcherServlet initServletBean - Completed initialization in 1197 ms
[INFO] 2022-04-22 14:27:30,323 org.springframework.web.context.ContextLoader initWebApplicationContext - Root WebApplicationContext: initialization started
[INFO] 2022-04-22 14:27:31,768 org.springframework.web.context.ContextLoader initWebApplicationContext - Root WebApplicationContext initialized in 1442 ms
[INFO] 2022-04-22 14:27:31,797 org.springframework.web.servlet.DispatcherServlet initServletBean - Initializing Servlet 'appServlet'
[INFO] 2022-04-22 14:27:32,993 org.springframework.web.servlet.DispatcherServlet initServletBean - Completed initialization in 1195 ms
[INFO] 2022-04-22 14:28:35,504 org.springframework.web.context.ContextLoader initWebApplicationContext - Root WebApplicationContext: initialization started
[INFO] 2022-04-22 14:28:37,001 org.springframework.web.context.ContextLoader initWebApplicationContext - Root WebApplicationContext initialized in 1494 ms
[INFO] 2022-04-22 14:28:37,027 org.springframework.web.servlet.DispatcherServlet initServletBean - Initializing Servlet 'appServlet'
[INFO] 2022-04-22 14:28:38,178 org.springframework.web.servlet.DispatcherServlet initServletBean - Completed initialization in 1151 ms
[INFO] 2022-04-22 14:29:13,761 org.springframework.web.context.ContextLoader initWebApplicationContext - Root WebApplicationContext: initialization started
[INFO] 2022-04-22 14:29:15,222 org.springframework.web.context.ContextLoader initWebApplicationContext - Root WebApplicationContext initialized in 1458 ms
[INFO] 2022-04-22 14:29:15,252 org.springframework.web.servlet.DispatcherServlet initServletBean - Initializing Servlet 'appServlet'
[INFO] 2022-04-22 14:29:16,428 org.springframework.web.servlet.DispatcherServlet initServletBean - Completed initialization in 1175 ms
[INFO] 2022-04-22 14:31:44,123 org.springframework.web.context.ContextLoader initWebApplicationContext - Root WebApplicationContext: initialization started
[INFO] 2022-04-22 14:31:45,569 org.springframework.web.context.ContextLoader initWebApplicationContext - Root WebApplicationContext initialized in 1443 ms
[INFO] 2022-04-22 14:31:45,599 org.springframework.web.servlet.DispatcherServlet initServletBean - Initializing Servlet 'appServlet'
[INFO] 2022-04-22 14:31:46,726 org.springframework.web.servlet.DispatcherServlet initServletBean - Completed initialization in 1127 ms
[INFO] 2022-04-22 15:05:49,858 org.springframework.web.context.ContextLoader initWebApplicationContext - Root WebApplicationContext: initialization started
[WARN] 2022-04-22 15:05:50,576 org.springframework.web.context.support.XmlWebApplicationContext refresh - Exception encountered during context initialization - cancelling refresh attempt: org.springframework.beans.factory.BeanDefinitionStoreException: Failed to read candidate component class: file [C:\Users\박기수\Desktop\SSAFY\ssafy_spring_live\.metadata\.plugins\org.eclipse.wst.server.core\tmp0\wtpwebapps\SpringMVCAdv\WEB-INF\classes\com\mycom\adv\dao\StudentDao.class]; nested exception is java.nio.channels.ClosedByInterruptException
[ERROR] 2022-04-22 15:05:50,592 org.springframework.web.context.ContextLoader initWebApplicationContext - Context initialization failed
org.springframework.beans.factory.BeanDefinitionStoreException: Failed to read candidate component class: file [C:\Users\박기수\Desktop\SSAFY\ssafy_spring_live\.metadata\.plugins\org.eclipse.wst.server.core\tmp0\wtpwebapps\SpringMVCAdv\WEB-INF\classes\com\mycom\adv\dao\StudentDao.class]; nested exception is java.nio.channels.ClosedByInterruptException
	at org.springframework.context.annotation.ClassPathScanningCandidateComponentProvider.scanCandidateComponents(ClassPathScanningCandidateComponentProvider.java:452)
	at org.springframework.context.annotation.ClassPathScanningCandidateComponentProvider.findCandidateComponents(ClassPathScanningCandidateComponentProvider.java:315)
	at org.springframework.context.annotation.ClassPathBeanDefinitionScanner.doScan(ClassPathBeanDefinitionScanner.java:276)
	at org.mybatis.spring.mapper.ClassPathMapperScanner.doScan(ClassPathMapperScanner.java:181)
	at org.springframework.context.annotation.ClassPathBeanDefinitionScanner.scan(ClassPathBeanDefinitionScanner.java:254)
	at org.mybatis.spring.mapper.MapperScannerConfigurer.postProcessBeanDefinitionRegistry(MapperScannerConfigurer.java:356)
	at org.springframework.context.support.PostProcessorRegistrationDelegate.invokeBeanDefinitionRegistryPostProcessors(PostProcessorRegistrationDelegate.java:280)
	at org.springframework.context.support.PostProcessorRegistrationDelegate.invokeBeanFactoryPostProcessors(PostProcessorRegistrationDelegate.java:126)
	at org.springframework.context.support.AbstractApplicationContext.invokeBeanFactoryPostProcessors(AbstractApplicationContext.java:706)
	at org.springframework.context.support.AbstractApplicationContext.refresh(AbstractApplicationContext.java:532)
	at org.springframework.web.context.ContextLoader.configureAndRefreshWebApplicationContext(ContextLoader.java:401)
	at org.springframework.web.context.ContextLoader.initWebApplicationContext(ContextLoader.java:292)
	at org.springframework.web.context.ContextLoaderListener.contextInitialized(ContextLoaderListener.java:103)
	at org.apache.catalina.core.StandardContext.listenerStart(StandardContext.java:4768)
	at org.apache.catalina.core.StandardContext.startInternal(StandardContext.java:5230)
	at org.apache.catalina.util.LifecycleBase.start(LifecycleBase.java:183)
	at org.apache.catalina.core.StandardContext.reload(StandardContext.java:3818)
	at org.apache.catalina.loader.WebappLoader.backgroundProcess(WebappLoader.java:311)
	at org.apache.catalina.core.StandardContext.backgroundProcess(StandardContext.java:5613)
	at org.apache.catalina.core.ContainerBase$ContainerBackgroundProcessor.processChildren(ContainerBase.java:1365)
	at org.apache.catalina.core.ContainerBase$ContainerBackgroundProcessor.processChildren(ContainerBase.java:1369)
	at org.apache.catalina.core.ContainerBase$ContainerBackgroundProcessor.processChildren(ContainerBase.java:1369)
	at org.apache.catalina.core.ContainerBase$ContainerBackgroundProcessor.run(ContainerBase.java:1347)
	at java.util.concurrent.Executors$RunnableAdapter.call(Executors.java:511)
	at java.util.concurrent.FutureTask.runAndReset(FutureTask.java:308)
	at java.util.concurrent.ScheduledThreadPoolExecutor$ScheduledFutureTask.access$301(ScheduledThreadPoolExecutor.java:180)
	at java.util.concurrent.ScheduledThreadPoolExecutor$ScheduledFutureTask.run(ScheduledThreadPoolExecutor.java:294)
	at java.util.concurrent.ThreadPoolExecutor.runWorker(ThreadPoolExecutor.java:1149)
	at java.util.concurrent.ThreadPoolExecutor$Worker.run(ThreadPoolExecutor.java:624)
	at org.apache.tomcat.util.threads.TaskThread$WrappingRunnable.run(TaskThread.java:61)
	at java.lang.Thread.run(Thread.java:748)
Caused by: java.nio.channels.ClosedByInterruptException
	at java.nio.channels.spi.AbstractInterruptibleChannel.end(AbstractInterruptibleChannel.java:202)
	at sun.nio.ch.FileChannelImpl.read(FileChannelImpl.java:164)
	at sun.nio.ch.ChannelInputStream.read(ChannelInputStream.java:65)
	at sun.nio.ch.ChannelInputStream.read(ChannelInputStream.java:109)
	at sun.nio.ch.ChannelInputStream.read(ChannelInputStream.java:103)
	at org.springframework.asm.ClassReader.readStream(ClassReader.java:316)
	at org.springframework.asm.ClassReader.<init>(ClassReader.java:284)
	at org.springframework.core.type.classreading.SimpleMetadataReader.getClassReader(SimpleMetadataReader.java:57)
	at org.springframework.core.type.classreading.SimpleMetadataReader.<init>(SimpleMetadataReader.java:49)
	at org.springframework.core.type.classreading.SimpleMetadataReaderFactory.getMetadataReader(SimpleMetadataReaderFactory.java:103)
	at org.springframework.core.type.classreading.CachingMetadataReaderFactory.getMetadataReader(CachingMetadataReaderFactory.java:123)
	at org.springframework.context.annotation.ClassPathScanningCandidateComponentProvider.scanCandidateComponents(ClassPathScanningCandidateComponentProvider.java:429)
	... 30 more
[INFO] 2022-04-22 15:05:56,852 org.springframework.web.context.ContextLoader initWebApplicationContext - Root WebApplicationContext: initialization started
[INFO] 2022-04-22 15:05:58,202 org.springframework.web.context.ContextLoader initWebApplicationContext - Root WebApplicationContext initialized in 1347 ms
[INFO] 2022-04-22 15:05:58,233 org.springframework.web.servlet.DispatcherServlet initServletBean - Initializing Servlet 'appServlet'
[INFO] 2022-04-22 15:05:59,337 org.springframework.web.servlet.DispatcherServlet initServletBean - Completed initialization in 1104 ms
[INFO] 2022-04-22 15:15:11,304 org.springframework.web.context.ContextLoader initWebApplicationContext - Root WebApplicationContext: initialization started
[INFO] 2022-04-22 15:15:12,833 org.springframework.web.context.ContextLoader initWebApplicationContext - Root WebApplicationContext initialized in 1527 ms
[INFO] 2022-04-22 15:15:12,861 org.springframework.web.servlet.DispatcherServlet initServletBean - Initializing Servlet 'appServlet'
[INFO] 2022-04-22 15:15:13,870 org.springframework.web.servlet.DispatcherServlet initServletBean - Completed initialization in 1009 ms
[INFO] 2022-04-22 15:16:00,352 org.springframework.web.context.ContextLoader initWebApplicationContext - Root WebApplicationContext: initialization started
[INFO] 2022-04-22 15:16:02,081 org.springframework.web.context.ContextLoader initWebApplicationContext - Root WebApplicationContext initialized in 1725 ms
[INFO] 2022-04-22 15:16:02,108 org.springframework.web.servlet.DispatcherServlet initServletBean - Initializing Servlet 'appServlet'
[INFO] 2022-04-22 15:16:03,209 org.springframework.web.servlet.DispatcherServlet initServletBean - Completed initialization in 1100 ms
[INFO] 2022-04-22 15:17:03,525 org.springframework.web.context.ContextLoader initWebApplicationContext - Root WebApplicationContext: initialization started
[INFO] 2022-04-22 15:17:05,158 org.springframework.web.context.ContextLoader initWebApplicationContext - Root WebApplicationContext initialized in 1630 ms
[INFO] 2022-04-22 15:17:05,192 org.springframework.web.servlet.DispatcherServlet initServletBean - Initializing Servlet 'appServlet'
[INFO] 2022-04-22 15:17:06,270 org.springframework.web.servlet.DispatcherServlet initServletBean - Completed initialization in 1078 ms
[INFO] 2022-04-22 15:18:07,434 org.springframework.web.context.ContextLoader initWebApplicationContext - Root WebApplicationContext: initialization started
[INFO] 2022-04-22 15:18:08,991 org.springframework.web.context.ContextLoader initWebApplicationContext - Root WebApplicationContext initialized in 1554 ms
[INFO] 2022-04-22 15:18:09,017 org.springframework.web.servlet.DispatcherServlet initServletBean - Initializing Servlet 'appServlet'
[INFO] 2022-04-22 15:18:10,076 org.springframework.web.servlet.DispatcherServlet initServletBean - Completed initialization in 1059 ms
[INFO] 2022-04-22 15:19:07,768 org.springframework.web.context.ContextLoader initWebApplicationContext - Root WebApplicationContext: initialization started
[INFO] 2022-04-22 15:19:09,406 org.springframework.web.context.ContextLoader initWebApplicationContext - Root WebApplicationContext initialized in 1636 ms
[INFO] 2022-04-22 15:19:09,438 org.springframework.web.servlet.DispatcherServlet initServletBean - Initializing Servlet 'appServlet'
[INFO] 2022-04-22 15:19:10,538 org.springframework.web.servlet.DispatcherServlet initServletBean - Completed initialization in 1100 ms
[INFO] 2022-04-22 15:23:58,000 org.springframework.web.context.ContextLoader initWebApplicationContext - Root WebApplicationContext: initialization started
[INFO] 2022-04-22 15:23:59,467 org.springframework.web.context.ContextLoader initWebApplicationContext - Root WebApplicationContext initialized in 1464 ms
[INFO] 2022-04-22 15:23:59,496 org.springframework.web.servlet.DispatcherServlet initServletBean - Initializing Servlet 'appServlet'
[INFO] 2022-04-22 15:24:00,619 org.springframework.web.servlet.DispatcherServlet initServletBean - Completed initialization in 1122 ms
[INFO] 2022-04-22 15:29:06,466 org.springframework.web.context.ContextLoader initWebApplicationContext - Root WebApplicationContext: initialization started
[INFO] 2022-04-22 15:29:08,044 org.springframework.web.context.ContextLoader initWebApplicationContext - Root WebApplicationContext initialized in 1575 ms
[INFO] 2022-04-22 15:29:08,077 org.springframework.web.servlet.DispatcherServlet initServletBean - Initializing Servlet 'appServlet'
[INFO] 2022-04-22 15:29:09,134 org.springframework.web.servlet.DispatcherServlet initServletBean - Completed initialization in 1057 ms
[INFO] 2022-04-22 15:46:54,897 org.springframework.web.context.ContextLoader initWebApplicationContext - Root WebApplicationContext: initialization started
[INFO] 2022-04-22 15:46:56,514 org.springframework.web.context.ContextLoader initWebApplicationContext - Root WebApplicationContext initialized in 1614 ms
[INFO] 2022-04-22 15:46:56,558 org.springframework.web.servlet.DispatcherServlet initServletBean - Initializing Servlet 'appServlet'
[INFO] 2022-04-22 15:46:57,668 org.springframework.web.servlet.DispatcherServlet initServletBean - Completed initialization in 1109 ms
[INFO] 2022-04-22 15:47:55,030 org.springframework.test.context.support.DefaultTestContextBootstrapper getDefaultTestExecutionListenerClassNames - Loaded default TestExecutionListener class names from location [META-INF/spring.factories]: [org.springframework.test.context.web.ServletTestExecutionListener, org.springframework.test.context.support.DirtiesContextBeforeModesTestExecutionListener, org.springframework.test.context.support.DependencyInjectionTestExecutionListener, org.springframework.test.context.support.DirtiesContextTestExecutionListener, org.springframework.test.context.transaction.TransactionalTestExecutionListener, org.springframework.test.context.jdbc.SqlScriptsTestExecutionListener, org.springframework.test.context.event.EventPublishingTestExecutionListener]
[INFO] 2022-04-22 15:47:55,046 org.springframework.test.context.support.DefaultTestContextBootstrapper getTestExecutionListeners - Using TestExecutionListeners: [org.springframework.test.context.web.ServletTestExecutionListener@4e41089d, org.springframework.test.context.support.DirtiesContextBeforeModesTestExecutionListener@32a068d1, org.springframework.test.context.support.DependencyInjectionTestExecutionListener@33cb5951, org.springframework.test.context.support.DirtiesContextTestExecutionListener@365c30cc, org.springframework.test.context.transaction.TransactionalTestExecutionListener@701fc37a, org.springframework.test.context.jdbc.SqlScriptsTestExecutionListener@4148db48, org.springframework.test.context.event.EventPublishingTestExecutionListener@282003e1]
[INFO] 2022-04-22 15:47:57,331 org.springframework.web.context.ContextLoader initWebApplicationContext - Root WebApplicationContext: initialization started
[INFO] 2022-04-22 15:47:58,932 org.springframework.web.context.ContextLoader initWebApplicationContext - Root WebApplicationContext initialized in 1598 ms
[INFO] 2022-04-22 15:47:58,960 org.springframework.web.servlet.DispatcherServlet initServletBean - Initializing Servlet 'appServlet'
[INFO] 2022-04-22 15:48:00,002 org.springframework.web.servlet.DispatcherServlet initServletBean - Completed initialization in 1042 ms
[INFO] 2022-04-22 16:03:12,592 org.springframework.web.context.ContextLoader initWebApplicationContext - Root WebApplicationContext: initialization started
[INFO] 2022-04-22 16:03:14,234 org.springframework.web.context.ContextLoader initWebApplicationContext - Root WebApplicationContext initialized in 1639 ms
[INFO] 2022-04-22 16:03:14,269 org.springframework.web.servlet.DispatcherServlet initServletBean - Initializing Servlet 'appServlet'
[INFO] 2022-04-22 16:03:15,496 org.springframework.web.servlet.DispatcherServlet initServletBean - Completed initialization in 1227 ms
[INFO] 2022-04-22 16:04:44,176 org.springframework.test.context.support.DefaultTestContextBootstrapper getDefaultTestExecutionListenerClassNames - Loaded default TestExecutionListener class names from location [META-INF/spring.factories]: [org.springframework.test.context.web.ServletTestExecutionListener, org.springframework.test.context.support.DirtiesContextBeforeModesTestExecutionListener, org.springframework.test.context.support.DependencyInjectionTestExecutionListener, org.springframework.test.context.support.DirtiesContextTestExecutionListener, org.springframework.test.context.transaction.TransactionalTestExecutionListener, org.springframework.test.context.jdbc.SqlScriptsTestExecutionListener, org.springframework.test.context.event.EventPublishingTestExecutionListener]
[INFO] 2022-04-22 16:04:44,189 org.springframework.test.context.support.DefaultTestContextBootstrapper getTestExecutionListeners - Using TestExecutionListeners: [org.springframework.test.context.web.ServletTestExecutionListener@b59d31, org.springframework.test.context.support.DirtiesContextBeforeModesTestExecutionListener@62fdb4a6, org.springframework.test.context.support.DependencyInjectionTestExecutionListener@11e21d0e, org.springframework.test.context.support.DirtiesContextTestExecutionListener@1dd02175, org.springframework.test.context.transaction.TransactionalTestExecutionListener@31206beb, org.springframework.test.context.jdbc.SqlScriptsTestExecutionListener@3e77a1ed, org.springframework.test.context.event.EventPublishingTestExecutionListener@3ffcd140]
[INFO] 2022-04-22 16:04:45,646 org.springframework.test.context.transaction.TransactionContext startTransaction - Began transaction (1) for test context [DefaultTestContext@1643d68f testClass = StudentTest, testInstance = com.mycom.adv.StudentTest@186978a6, testMethod = testStudentInsert@StudentTest, testException = [null], mergedContextConfiguration = [MergedContextConfiguration@2e029d61 testClass = StudentTest, locations = '{file:src/main/webapp/WEB-INF/spring/root-context.xml}', classes = '{}', contextInitializerClasses = '[]', activeProfiles = '{}', propertySourceLocations = '{}', propertySourceProperties = '{}', contextCustomizers = set[[empty]], contextLoader = 'org.springframework.test.context.support.DelegatingSmartContextLoader', parent = [null]], attributes = map[[empty]]]; transaction manager [org.springframework.jdbc.datasource.DataSourceTransactionManager@482d776b]; rollback [true]
[INFO] 2022-04-22 16:04:45,690 org.springframework.test.context.transaction.TransactionContext endTransaction - Rolled back transaction for test: [DefaultTestContext@1643d68f testClass = StudentTest, testInstance = com.mycom.adv.StudentTest@186978a6, testMethod = testStudentInsert@StudentTest, testException = java.lang.NullPointerException, mergedContextConfiguration = [MergedContextConfiguration@2e029d61 testClass = StudentTest, locations = '{file:src/main/webapp/WEB-INF/spring/root-context.xml}', classes = '{}', contextInitializerClasses = '[]', activeProfiles = '{}', propertySourceLocations = '{}', propertySourceProperties = '{}', contextCustomizers = set[[empty]], contextLoader = 'org.springframework.test.context.support.DelegatingSmartContextLoader', parent = [null]], attributes = map[[empty]]]
[INFO] 2022-04-22 16:05:15,610 org.springframework.test.context.support.DefaultTestContextBootstrapper getDefaultTestExecutionListenerClassNames - Loaded default TestExecutionListener class names from location [META-INF/spring.factories]: [org.springframework.test.context.web.ServletTestExecutionListener, org.springframework.test.context.support.DirtiesContextBeforeModesTestExecutionListener, org.springframework.test.context.support.DependencyInjectionTestExecutionListener, org.springframework.test.context.support.DirtiesContextTestExecutionListener, org.springframework.test.context.transaction.TransactionalTestExecutionListener, org.springframework.test.context.jdbc.SqlScriptsTestExecutionListener, org.springframework.test.context.event.EventPublishingTestExecutionListener]
[INFO] 2022-04-22 16:05:15,622 org.springframework.test.context.support.DefaultTestContextBootstrapper getTestExecutionListeners - Using TestExecutionListeners: [org.springframework.test.context.web.ServletTestExecutionListener@b59d31, org.springframework.test.context.support.DirtiesContextBeforeModesTestExecutionListener@62fdb4a6, org.springframework.test.context.support.DependencyInjectionTestExecutionListener@11e21d0e, org.springframework.test.context.support.DirtiesContextTestExecutionListener@1dd02175, org.springframework.test.context.transaction.TransactionalTestExecutionListener@31206beb, org.springframework.test.context.jdbc.SqlScriptsTestExecutionListener@3e77a1ed, org.springframework.test.context.event.EventPublishingTestExecutionListener@3ffcd140]
[INFO] 2022-04-22 16:05:17,169 org.springframework.test.context.transaction.TransactionContext startTransaction - Began transaction (1) for test context [DefaultTestContext@1643d68f testClass = StudentTest, testInstance = com.mycom.adv.StudentTest@186978a6, testMethod = testStudentInsert@StudentTest, testException = [null], mergedContextConfiguration = [MergedContextConfiguration@2e029d61 testClass = StudentTest, locations = '{file:src/main/webapp/WEB-INF/spring/root-context.xml}', classes = '{}', contextInitializerClasses = '[]', activeProfiles = '{}', propertySourceLocations = '{}', propertySourceProperties = '{}', contextCustomizers = set[[empty]], contextLoader = 'org.springframework.test.context.support.DelegatingSmartContextLoader', parent = [null]], attributes = map[[empty]]]; transaction manager [org.springframework.jdbc.datasource.DataSourceTransactionManager@482d776b]; rollback [true]
[INFO] 2022-04-22 16:05:17,204 org.springframework.test.context.transaction.TransactionContext endTransaction - Rolled back transaction for test: [DefaultTestContext@1643d68f testClass = StudentTest, testInstance = com.mycom.adv.StudentTest@186978a6, testMethod = testStudentInsert@StudentTest, testException = java.lang.NullPointerException, mergedContextConfiguration = [MergedContextConfiguration@2e029d61 testClass = StudentTest, locations = '{file:src/main/webapp/WEB-INF/spring/root-context.xml}', classes = '{}', contextInitializerClasses = '[]', activeProfiles = '{}', propertySourceLocations = '{}', propertySourceProperties = '{}', contextCustomizers = set[[empty]], contextLoader = 'org.springframework.test.context.support.DelegatingSmartContextLoader', parent = [null]], attributes = map[[empty]]]
[INFO] 2022-04-22 16:10:27,517 org.springframework.test.context.support.DefaultTestContextBootstrapper getDefaultTestExecutionListenerClassNames - Loaded default TestExecutionListener class names from location [META-INF/spring.factories]: [org.springframework.test.context.web.ServletTestExecutionListener, org.springframework.test.context.support.DirtiesContextBeforeModesTestExecutionListener, org.springframework.test.context.support.DependencyInjectionTestExecutionListener, org.springframework.test.context.support.DirtiesContextTestExecutionListener, org.springframework.test.context.transaction.TransactionalTestExecutionListener, org.springframework.test.context.jdbc.SqlScriptsTestExecutionListener, org.springframework.test.context.event.EventPublishingTestExecutionListener]
[INFO] 2022-04-22 16:10:27,531 org.springframework.test.context.support.DefaultTestContextBootstrapper getTestExecutionListeners - Using TestExecutionListeners: [org.springframework.test.context.web.ServletTestExecutionListener@3ffcd140, org.springframework.test.context.support.DirtiesContextBeforeModesTestExecutionListener@23bb8443, org.springframework.test.context.support.DependencyInjectionTestExecutionListener@1176dcec, org.springframework.test.context.support.DirtiesContextTestExecutionListener@120d6fe6, org.springframework.test.context.transaction.TransactionalTestExecutionListener@4ba2ca36, org.springframework.test.context.jdbc.SqlScriptsTestExecutionListener@3444d69d, org.springframework.test.context.event.EventPublishingTestExecutionListener@1372ed45]
[INFO] 2022-04-22 16:10:29,084 org.springframework.test.context.transaction.TransactionContext startTransaction - Began transaction (1) for test context [DefaultTestContext@293bb8a5 testClass = StudentTest, testInstance = com.mycom.adv.StudentTest@2416a51, testMethod = testStudentInsert@StudentTest, testException = [null], mergedContextConfiguration = [MergedContextConfiguration@6fa590ba testClass = StudentTest, locations = '{file:src/main/webapp/WEB-INF/spring/root-context.xml}', classes = '{}', contextInitializerClasses = '[]', activeProfiles = '{}', propertySourceLocations = '{}', propertySourceProperties = '{}', contextCustomizers = set[[empty]], contextLoader = 'org.springframework.test.context.support.DelegatingSmartContextLoader', parent = [null]], attributes = map[[empty]]]; transaction manager [org.springframework.jdbc.datasource.DataSourceTransactionManager@6e9319f]; rollback [true]
[INFO] 2022-04-22 16:10:29,096 org.springframework.test.context.transaction.TransactionContext endTransaction - Rolled back transaction for test: [DefaultTestContext@293bb8a5 testClass = StudentTest, testInstance = com.mycom.adv.StudentTest@2416a51, testMethod = testStudentInsert@StudentTest, testException = java.lang.NullPointerException, mergedContextConfiguration = [MergedContextConfiguration@6fa590ba testClass = StudentTest, locations = '{file:src/main/webapp/WEB-INF/spring/root-context.xml}', classes = '{}', contextInitializerClasses = '[]', activeProfiles = '{}', propertySourceLocations = '{}', propertySourceProperties = '{}', contextCustomizers = set[[empty]], contextLoader = 'org.springframework.test.context.support.DelegatingSmartContextLoader', parent = [null]], attributes = map[[empty]]]
[INFO] 2022-04-22 16:10:44,233 org.springframework.test.context.support.DefaultTestContextBootstrapper getDefaultTestExecutionListenerClassNames - Loaded default TestExecutionListener class names from location [META-INF/spring.factories]: [org.springframework.test.context.web.ServletTestExecutionListener, org.springframework.test.context.support.DirtiesContextBeforeModesTestExecutionListener, org.springframework.test.context.support.DependencyInjectionTestExecutionListener, org.springframework.test.context.support.DirtiesContextTestExecutionListener, org.springframework.test.context.transaction.TransactionalTestExecutionListener, org.springframework.test.context.jdbc.SqlScriptsTestExecutionListener, org.springframework.test.context.event.EventPublishingTestExecutionListener]
[INFO] 2022-04-22 16:10:44,247 org.springframework.test.context.support.DefaultTestContextBootstrapper getTestExecutionListeners - Using TestExecutionListeners: [org.springframework.test.context.web.ServletTestExecutionListener@4e41089d, org.springframework.test.context.support.DirtiesContextBeforeModesTestExecutionListener@32a068d1, org.springframework.test.context.support.DependencyInjectionTestExecutionListener@33cb5951, org.springframework.test.context.support.DirtiesContextTestExecutionListener@365c30cc, org.springframework.test.context.transaction.TransactionalTestExecutionListener@701fc37a, org.springframework.test.context.jdbc.SqlScriptsTestExecutionListener@4148db48, org.springframework.test.context.event.EventPublishingTestExecutionListener@282003e1]
[INFO] 2022-04-22 16:11:59,803 org.springframework.test.context.support.DefaultTestContextBootstrapper getDefaultTestExecutionListenerClassNames - Loaded default TestExecutionListener class names from location [META-INF/spring.factories]: [org.springframework.test.context.web.ServletTestExecutionListener, org.springframework.test.context.support.DirtiesContextBeforeModesTestExecutionListener, org.springframework.test.context.support.DependencyInjectionTestExecutionListener, org.springframework.test.context.support.DirtiesContextTestExecutionListener, org.springframework.test.context.transaction.TransactionalTestExecutionListener, org.springframework.test.context.jdbc.SqlScriptsTestExecutionListener, org.springframework.test.context.event.EventPublishingTestExecutionListener]
[INFO] 2022-04-22 16:11:59,822 org.springframework.test.context.support.DefaultTestContextBootstrapper getTestExecutionListeners - Using TestExecutionListeners: [org.springframework.test.context.web.ServletTestExecutionListener@4e41089d, org.springframework.test.context.support.DirtiesContextBeforeModesTestExecutionListener@32a068d1, org.springframework.test.context.support.DependencyInjectionTestExecutionListener@33cb5951, org.springframework.test.context.support.DirtiesContextTestExecutionListener@365c30cc, org.springframework.test.context.transaction.TransactionalTestExecutionListener@701fc37a, org.springframework.test.context.jdbc.SqlScriptsTestExecutionListener@4148db48, org.springframework.test.context.event.EventPublishingTestExecutionListener@282003e1]
